INSERT INTO `wp_posts` (`post_author`, `post_date`, `post_date_gmt`, `post_content`, `post_content_filtered`, `post_title`, `post_excerpt`, `post_status`, `post_type`, `comment_status`, `ping_status`, `post_password`, `post_name`, `to_ping`, `pinged`, `post_modified`, `post_modified_gmt`, `post_parent`, `menu_order`, `post_mime_type`, `guid`) VALUES (1, '2017-06-02 09:56:00', '0000-00-00 00:00:00', '', '', 'Черновик', '', 'auto-draft', 'product', 'open', 'open', '', '', '', '', '2017-06-02 09:56:00', '0000-00-00 00:00:00', 0, 0, '', '')
UPDATE `wp_posts` SET `guid` = 'http://10.0.3.94/?post_type=product&p=45' WHERE `ID` = 45
UPDATE `wp_posts` SET `post_author` = 1, `post_date` = '2017-06-02 09:56:17', `post_date_gmt` = '0000-00-00 00:00:00', `post_content` = '', `post_content_filtered` = '', `post_title` = 'test', `post_excerpt` = '', `post_status` = 'draft', `post_type` = 'product', `comment_status` = 'open', `ping_status` = 'closed', `post_password` = '', `post_name` = '', `to_ping` = '', `pinged` = '', `post_modified` = '2017-06-02 09:56:17', `post_modified_gmt` = '2017-06-02 06:56:17', `post_parent` = 0, `menu_order` = 0, `post_mime_type` = '', `guid` = 'http://10.0.3.94/?post_type=product&#038;p=45' WHERE `ID` = 45
UPDATE `wp_posts` SET `post_author` = 1, `post_date` = '2017-06-02 09:58:16', `post_date_gmt` = '0000-00-00 00:00:00', `post_content` = 'test desc', `post_content_filtered` = '', `post_title` = 'test', `post_excerpt` = '', `post_status` = 'draft', `post_type` = 'product', `comment_status` = 'open', `ping_status` = 'closed', `post_password` = '', `post_name` = '', `to_ping` = '', `pinged` = '', `post_modified` = '2017-06-02 09:58:16', `post_modified_gmt` = '2017-06-02 06:58:16', `post_parent` = 0, `menu_order` = 0, `post_mime_type` = '', `guid` = 'http://10.0.3.94/?post_type=product&#038;p=45' WHERE `ID` = 45
UPDATE `wp_options` SET `option_value` = '1496386750' WHERE `option_name` = '_transient_product_query-transient-version'
UPDATE `wp_posts` SET `post_author` = 1, `post_date` = '2017-06-02 09:59:10', `post_date_gmt` = '2017-06-02 06:59:10', `post_content` = 'test desc', `post_content_filtered` = '', `post_title` = 'test', `post_excerpt` = '', `post_status` = 'publish', `post_type` = 'product', `comment_status` = 'open', `ping_status` = 'closed', `post_password` = '', `post_name` = 'test', `to_ping` = '', `pinged` = '', `post_modified` = '2017-06-02 09:59:10', `post_modified_gmt` = '2017-06-02 06:59:10', `post_parent` = 0, `menu_order` = 0, `post_mime_type` = '', `guid` = 'http://10.0.3.94/?post_type=product&#038;p=45' WHERE `ID` = 45
INSERT INTO `wp_term_relationships` (`object_id`, `term_taxonomy_id`) VALUES (45, 2)
UPDATE `wp_term_taxonomy` SET `count` = 1 WHERE `term_taxonomy_id` = 2

INSERT INTO `wp_postmeta` (`post_id`, `meta_key`, `meta_value`) VALUES (45, '_product_attributes', 'a:1:{s:12:\"attr-product\";a:6:{s:4:\"name\";s:12:\"Attr product\";s:5:\"value\";s:10:\"attr value\";s:8:\"position\";s:1:\"0\";s:10:\"is_visible\";i:1;s:12:\"is_variation\";i:0;s:11:\"is_taxonomy\";i:0;}}')
INSERT INTO `wp_postmeta` (`post_id`, `meta_key`, `meta_value`) VALUES (45, '_visibility', 'visible')
INSERT INTO `wp_postmeta` (`post_id`, `meta_key`, `meta_value`) VALUES (45, '_stock_status', 'instock')
INSERT INTO `wp_postmeta` (`post_id`, `meta_key`, `meta_value`) VALUES (45, 'total_sales', '0')
INSERT INTO `wp_postmeta` (`post_id`, `meta_key`, `meta_value`) VALUES (45, '_downloadable', 'no')
INSERT INTO `wp_postmeta` (`post_id`, `meta_key`, `meta_value`) VALUES (45, '_virtual', 'no')
INSERT INTO `wp_postmeta` (`post_id`, `meta_key`, `meta_value`) VALUES (45, '_purchase_note', '')
INSERT INTO `wp_postmeta` (`post_id`, `meta_key`, `meta_value`) VALUES (45, '_featured', 'no')
INSERT INTO `wp_postmeta` (`post_id`, `meta_key`, `meta_value`) VALUES (45, '_weight', '1')
INSERT INTO `wp_postmeta` (`post_id`, `meta_key`, `meta_value`) VALUES (45, '_length', '2')
INSERT INTO `wp_postmeta` (`post_id`, `meta_key`, `meta_value`) VALUES (45, '_width', '3')
INSERT INTO `wp_postmeta` (`post_id`, `meta_key`, `meta_value`) VALUES (45, '_height', '4')
INSERT INTO `wp_postmeta` (`post_id`, `meta_key`, `meta_value`) VALUES (45, '_sku', 'article')
INSERT INTO `wp_postmeta` (`post_id`, `meta_key`, `meta_value`) VALUES (45, '_regular_price', '100')
INSERT INTO `wp_postmeta` (`post_id`, `meta_key`, `meta_value`) VALUES (45, '_sale_price', '50')
INSERT INTO `wp_postmeta` (`post_id`, `meta_key`, `meta_value`) VALUES (45, '_sale_price_dates_from', '')
INSERT INTO `wp_postmeta` (`post_id`, `meta_key`, `meta_value`) VALUES (45, '_sale_price_dates_to', '')
INSERT INTO `wp_postmeta` (`post_id`, `meta_key`, `meta_value`) VALUES (45, '_price', '50')
INSERT INTO `wp_postmeta` (`post_id`, `meta_key`, `meta_value`) VALUES (45, '_sold_individually', '')
INSERT INTO `wp_postmeta` (`post_id`, `meta_key`, `meta_value`) VALUES (45, '_manage_stock', 'no')
INSERT INTO `wp_postmeta` (`post_id`, `meta_key`, `meta_value`) VALUES (45, '_backorders', 'no')
INSERT INTO `wp_postmeta` (`post_id`, `meta_key`, `meta_value`) VALUES (45, '_stock', '')
INSERT INTO `wp_postmeta` (`post_id`, `meta_key`, `meta_value`) VALUES (45, '_upsell_ids', 'a:0:{}')
INSERT INTO `wp_postmeta` (`post_id`, `meta_key`, `meta_value`) VALUES (45, '_crosssell_ids', 'a:0:{}')
INSERT INTO `wp_postmeta` (`post_id`, `meta_key`, `meta_value`) VALUES (45, '_product_version', '2.5.5')
INSERT INTO `wp_postmeta` (`post_id`, `meta_key`, `meta_value`) VALUES (45, '_product_image_gallery', '')
INSERT INTO `wp_postmeta` (`post_id`, `meta_key`, `meta_value`) VALUES (45, '_wc_rating_count', 'a:0:{}')
INSERT INTO `wp_postmeta` (`post_id`, `meta_key`, `meta_value`) VALUES (45, '_wc_review_count', '0')
INSERT INTO `wp_postmeta` (`post_id`, `meta_key`, `meta_value`) VALUES (45, '_wc_average_rating', '0')

INSERT INTO `wp_terms` (`name`, `slug`, `term_group`) VALUES ('Категирия', 'cat1', 0)

INSERT INTO `wp_term_taxonomy` (`term_id`, `taxonomy`, `description`, `parent`, `count`) VALUES (8, 'product_cat', 'dfg df gdf gdf gdf gd fgdf gdf gdfg dfg dfg ', 0, 0)

INSERT INTO `wp_woocommerce_termmeta` (`woocommerce_term_id`, `meta_key`, `meta_value`) VALUES ('8', 'order', '0')
INSERT INTO `wp_woocommerce_termmeta` (`woocommerce_term_id`, `meta_key`, `meta_value`) VALUES ('8', 'display_type', '')
INSERT INTO `wp_woocommerce_termmeta` (`woocommerce_term_id`, `meta_key`, `meta_value`) VALUES ('8', 'thumbnail_id', '0')

INSERT INTO `wp_options` (`option_name`, `option_value`, `autoload`) VALUES ('product_cat_children', 'a:0:{}', 'yes') ON DUPLICATE KEY UPDATE `option_name` = VALUES(`option_name`), `option_value` = VALUES(`option_value`), `autoload` = VALUES(`autoload`)
UPDATE `wp_postmeta` SET `meta_key` = 'total_sales', `meta_value` = '0' WHERE `meta_id` = 206
UPDATE `wp_posts` SET `post_author` = 1, `post_date` = '2017-06-02 09:59:10', `post_date_gmt` = '2017-06-02 06:59:10', `post_content` = 'test desc', `post_content_filtered` = '', `post_title` = 'test', `post_excerpt` = '', `post_status` = 'publish', `post_type` = 'product', `comment_status` = 'open', `ping_status` = 'closed', `post_password` = '', `post_name` = 'test', `to_ping` = '', `pinged` = '', `post_modified` = '2017-06-02 10:03:51', `post_modified_gmt` = '2017-06-02 07:03:51', `post_parent` = 0, `menu_order` = 0, `post_mime_type` = '', `guid` = 'http://10.0.3.94/?post_type=product&#038;p=45' WHERE `ID` = 45
INSERT INTO `wp_term_relationships` (`object_id`, `term_taxonomy_id`) VALUES (45, 8)
UPDATE `wp_term_taxonomy` SET `count` = 1 WHERE `term_taxonomy_id` = 8
INSERT INTO `wp_woocommerce_termmeta` (`woocommerce_term_id`, `meta_key`, `meta_value`) VALUES ('8', 'product_count_product_cat', '1')
UPDATE `wp_term_taxonomy` SET `count` = 1 WHERE `term_taxonomy_id` = 2
UPDATE `wp_term_taxonomy` SET `count` = 1 WHERE `term_taxonomy_id` = 8
UPDATE `wp_woocommerce_termmeta` SET `meta_value` = '1' WHERE `woocommerce_term_id` = '8' AND `meta_key` = 'product_count_product_cat'
